2019-12-14 13:47:50,034	INFO	lbehrens	CPU-Monitoring wurde gestartet. Prozess-ID: 19568
2019-12-14 13:47:58,290	INFO	lbehrens	CPU-Monitoring wurde beendet. Prozess-ID: 19568
2019-12-14 15:40:32,704	INFO	lbehrens	CPU-Monitoring wurde gestartet. Prozess-ID: 19436
2019-12-14 15:40:44,253	INFO	lbehrens	cpu-Monitoring wurde beendet. Prozess-ID: 19436
2019-12-14 15:40:59,172	INFO	lbehrens	CPU-Monitoring wurde gestartet. Prozess-ID: 18740
2019-12-14 15:41:06,739	INFO	lbehrens	CPU-Monitoring wurde beendet. Prozess-ID: 18740
2019-12-14 15:41:22,757	INFO	lbehrens	CPU-Monitoring wurde gestartet. Prozess-ID: 6328
2019-12-14 15:41:46,217	INFO	lbehrens	CPU-Monitoring wurde gestartet. Prozess-ID: 16052
2019-12-14 15:41:53,584	INFO	lbehrens	CPU-Monitoring wurde beendet. Prozess-ID: 16052
2019-12-14 15:42:02,754	INFO	lbehrens	CPU-Monitoring wurde gestartet. Prozess-ID: 5860
2019-12-14 15:42:05,286	INFO	lbehrens	cpu-Monitoring wurde beendet. Prozess-ID: 5860
2019-12-14 15:42:26,961	INFO	lbehrens	CPU-Monitoring wurde gestartet. Prozess-ID: 19216
2019-12-14 15:42:33,885	INFO	lbehrens	CPU-Monitoring wurde beendet. Prozess-ID: 19216
2019-12-14 15:42:41,557	INFO	lbehrens	CPU-Monitoring wurde gestartet. Prozess-ID: 20340
2019-12-14 15:42:52,799	INFO	lbehrens	CPU-Monitoring wurde beendet. Prozess-ID: 20340
2019-12-14 15:43:12,293	INFO	lbehrens	CPU-Monitoring wurde gestartet. Prozess-ID: 18564
2019-12-14 15:44:03,694	INFO	lbehrens	CPU-Monitoring wurde beendet. Prozess-ID: 18564
2019-12-14 15:44:15,842	INFO	lbehrens	CPU-Monitoring wurde gestartet. Prozess-ID: 20240
2019-12-14 15:44:18,799	INFO	lbehrens	RAM-Monitoring wurde gestartet. Prozess-ID: 1892
2019-12-14 15:44:24,742	INFO	lbehrens	cpu-Monitoring wurde beendet. Prozess-ID: 20240
2019-12-14 15:44:24,755	INFO	lbehrens	ram-Monitoring wurde beendet. Prozess-ID: 1892
2019-12-14 15:49:51,441	INFO	lbehrens	CPU-Monitoring wurde gestartet. Prozess-ID: 1120
2019-12-14 15:50:21,765	INFO	lbehrens	cpu-Monitoring wurde beendet. Prozess-ID: 1120
