2019-12-14 21:25:16,974	INFO	lbehrens	Programm gestartet
2019-12-14 21:25:20,417	INFO	lbehrens	Temp/running_config.ini-Datei wurde gelöscht
2019-12-14 21:25:20,426	INFO	lbehrens	Temp\cpu.pickle-Datei wurde gelöscht
2019-12-14 21:25:20,439	INFO	lbehrens	Temp\ram.pickle-Datei wurde gelöscht
2019-12-14 21:25:20,453	INFO	lbehrens	Programm nach 3.49 Sekunden beendet
2019-12-14 21:27:12,121	INFO	lbehrens	Programm gestartet
2019-12-14 21:27:15,655	INFO	lbehrens	Temp/running_config.ini-Datei wurde gelöscht
2019-12-14 21:27:15,663	INFO	lbehrens	Temp\cpu.pickle-Datei wurde gelöscht
2019-12-14 21:27:15,678	INFO	lbehrens	Temp\ram.pickle-Datei wurde gelöscht
2019-12-14 21:27:15,691	INFO	lbehrens	Programm nach 3.58 Sekunden beendet
2019-12-14 21:27:38,213	INFO	lbehrens	Programm gestartet
2019-12-14 21:27:41,665	INFO	lbehrens	Temp/running_config.ini-Datei wurde gelöscht
2019-12-14 21:27:41,673	INFO	lbehrens	Temp\cpu.pickle-Datei wurde gelöscht
2019-12-14 21:27:41,688	INFO	lbehrens	Temp\ram.pickle-Datei wurde gelöscht
2019-12-14 21:27:41,707	INFO	lbehrens	Programm nach 3.51 Sekunden beendet
2019-12-14 21:28:29,286	INFO	lbehrens	Programm gestartet
2019-12-14 21:28:44,144	INFO	lbehrens	Temp/running_config.ini-Datei wurde gelöscht
2019-12-14 21:28:44,152	INFO	lbehrens	Temp\cpu.pickle-Datei wurde gelöscht
2019-12-14 21:28:44,166	INFO	lbehrens	Temp\ram.pickle-Datei wurde gelöscht
2019-12-14 21:28:44,182	INFO	lbehrens	Programm nach 14.91 Sekunden beendet
2019-12-14 21:29:40,642	INFO	lbehrens	Programm gestartet
2019-12-14 21:30:18,443	INFO	lbehrens	Temp/running_config.ini-Datei wurde gelöscht
2019-12-14 21:30:18,450	INFO	lbehrens	Temp\cpu.pickle-Datei wurde gelöscht
2019-12-14 21:30:18,464	INFO	lbehrens	Temp\ram.pickle-Datei wurde gelöscht
2019-12-14 21:30:18,480	INFO	lbehrens	Programm nach 37.85 Sekunden beendet
2019-12-14 21:41:01,426	INFO	lbehrens	Programm gestartet
2019-12-14 21:41:13,723	INFO	lbehrens	Temp/running_config.ini-Datei wurde gelöscht
2019-12-14 21:41:13,731	INFO	lbehrens	Temp\cpu.pickle-Datei wurde gelöscht
2019-12-14 21:41:13,745	INFO	lbehrens	Temp\ram.pickle-Datei wurde gelöscht
2019-12-14 21:41:13,761	INFO	lbehrens	Programm nach 12.35 Sekunden beendet
2019-12-14 21:42:20,430	INFO	lbehrens	Programm gestartet
2019-12-14 21:42:25,716	INFO	lbehrens	Temp/running_config.ini-Datei wurde gelöscht
2019-12-14 21:42:25,723	INFO	lbehrens	Temp\cpu.pickle-Datei wurde gelöscht
2019-12-14 21:42:25,739	INFO	lbehrens	Temp\ram.pickle-Datei wurde gelöscht
2019-12-14 21:42:25,756	INFO	lbehrens	Programm nach 5.34 Sekunden beendet
2019-12-14 22:37:20,747	INFO	lbehrens	Programm gestartet
2019-12-14 22:37:24,897	INFO	lbehrens	Temp/running_config.ini-Datei wurde gelöscht
2019-12-14 22:37:24,906	INFO	lbehrens	Temp\cpu.pickle-Datei wurde gelöscht
2019-12-14 22:37:24,916	INFO	lbehrens	Temp\ram.pickle-Datei wurde gelöscht
2019-12-14 22:37:24,931	INFO	lbehrens	Programm nach 4.2 Sekunden beendet
2019-12-14 22:55:50,396	INFO	lbehrens	Programm gestartet
2019-12-14 22:56:47,375	INFO	lbehrens	Programm gestartet
2019-12-14 22:57:01,867	INFO	lbehrens	Temp/running_config.ini-Datei wurde gelöscht
2019-12-14 22:57:01,877	INFO	lbehrens	Temp\cpu.pickle-Datei wurde gelöscht
2019-12-14 22:57:01,893	INFO	lbehrens	Temp\ram.pickle-Datei wurde gelöscht
2019-12-14 22:57:01,911	INFO	lbehrens	Programm nach 14.54 Sekunden beendet
2019-12-14 23:00:29,635	INFO	lbehrens	Programm gestartet
2019-12-14 23:04:10,788	INFO	lbehrens	Temp/running_config.ini-Datei wurde gelöscht
2019-12-14 23:04:10,803	INFO	lbehrens	Temp\cpu.pickle-Datei wurde gelöscht
2019-12-14 23:04:10,840	INFO	lbehrens	Temp\ram.pickle-Datei wurde gelöscht
2019-12-14 23:04:10,865	INFO	lbehrens	Programm nach 221.24 Sekunden beendet
2019-12-17 09:13:11,407	INFO	lbehrens	Programm gestartet
2019-12-17 09:13:11,931	INFO	lbehrens	current_config.ini existiert nicht
2019-12-17 09:13:15,086	INFO	lbehrens	Temp/running_config.ini-Datei wurde gelöscht
2019-12-17 09:13:15,094	INFO	lbehrens	Temp\cpu.pickle-Datei wurde gelöscht
2019-12-17 09:13:15,107	INFO	lbehrens	Temp\ram.pickle-Datei wurde gelöscht
2019-12-17 09:13:15,118	INFO	lbehrens	Programm nach 3.72 Sekunden beendet
2019-12-17 09:23:49,266	INFO	lbehrens	Programm gestartet
2019-12-17 09:24:13,749	INFO	lbehrens	Programm gestartet
2019-12-17 09:24:14,249	INFO	lbehrens	current_config.ini existiert nicht
2019-12-17 09:24:49,448	INFO	lbehrens	Temp\cpu.pickle-Datei wurde gelöscht
2019-12-17 09:24:49,456	INFO	lbehrens	Temp\ram.pickle-Datei wurde gelöscht
2019-12-17 09:24:49,469	INFO	lbehrens	Programm nach 35.73 Sekunden beendet
2019-12-17 09:24:51,814	INFO	lbehrens	Programm gestartet
2019-12-17 09:24:55,167	ERROR	lbehrens	Starten CPU-Monitorings schlug fehl. Limits sind nicht konfiguriert
2019-12-17 09:25:46,500	INFO	lbehrens	Programm gestartet
2019-12-17 09:26:29,915	INFO	lbehrens	Programm gestartet
2019-12-17 09:26:46,411	ERROR	lbehrens	Starten CPU-Monitorings schlug fehl. Limits sind nicht konfiguriert
2019-12-17 09:26:47,835	ERROR	lbehrens	Starten CPU-Monitorings schlug fehl. Limits sind nicht konfiguriert
2019-12-17 09:26:50,597	INFO	lbehrens	Festplattennutzung <built-in method replace of str object at 0x0000028A08DABED8> - Mail wurde an ['info@leifbehrens.de'] versandt
2019-12-17 09:27:10,200	INFO	lbehrens	Temp/running_config.ini-Datei wurde gelöscht
2019-12-17 09:27:10,245	INFO	lbehrens	Temp\cpu.pickle-Datei wurde gelöscht
2019-12-17 09:27:10,263	INFO	lbehrens	Temp\ram.pickle-Datei wurde gelöscht
2019-12-17 09:27:10,276	INFO	lbehrens	Programm nach 40.37 Sekunden beendet
2019-12-17 09:27:18,780	INFO	lbehrens	Programm gestartet
2019-12-17 09:27:22,749	INFO	lbehrens	Festplattennutzung B: - Mail wurde an ['info@leifbehrens.de'] versandt
2019-12-17 09:27:29,824	ERROR	lbehrens	Starten CPU-Monitorings schlug fehl. Limits sind nicht konfiguriert
2019-12-17 09:27:47,490	INFO	lbehrens	Starte Überprüfung Konfigurationsdateien
2019-12-17 09:27:47,975	INFO	lbehrens	Validierung der Empfänger-Mailadressen 'info@leifbehrens.de' erfolgreich
2019-12-17 09:27:47,981	INFO	lbehrens	Beende Überprüfung Konfigurationsdateien. Alle essentiellen Eingaben sind gültig.
2019-12-17 09:27:47,997	INFO	lbehrens	Temp/running_config.ini wurde geschrieben
2019-12-17 09:27:48,014	INFO	lbehrens	Temp/running_config.ini-Datei erfolgreich geparsed
2019-12-17 09:27:49,074	INFO	lbehrens	Starte Überprüfung Konfigurationsdateien
2019-12-17 09:27:49,552	INFO	lbehrens	Validierung der Empfänger-Mailadressen 'info@leifbehrens.de' erfolgreich
2019-12-17 09:27:49,558	INFO	lbehrens	Beende Überprüfung Konfigurationsdateien. Alle essentiellen Eingaben sind gültig.
2019-12-17 09:27:49,571	INFO	lbehrens	Temp/running_config.ini wurde geschrieben
2019-12-17 09:27:49,576	INFO	lbehrens	Temp/running_config.ini-Datei erfolgreich geparsed
2019-12-17 09:27:49,602	INFO	lbehrens	startup_config.ini erfolgreich erstellt
2019-12-17 09:27:50,716	INFO	lbehrens	Mailkonto-Validierung mit Konto 'no-reply@leifbehrens.de' erfolgreich
2019-12-17 09:27:52,594	INFO	lbehrens	Starte Überprüfung Konfigurationsdateien
2019-12-17 09:27:53,064	INFO	lbehrens	Validierung der Empfänger-Mailadressen 'info@leifbehrens.de' erfolgreich
2019-12-17 09:27:53,071	INFO	lbehrens	Beende Überprüfung Konfigurationsdateien. Alle essentiellen Eingaben sind gültig.
2012019-12-20 18:00:28,059	ERROR	lbehrens	Starten Laufwerk G:-Monitorings schlug fehl. Limits sind nicht konfiguriert
2019-12-20 18:00:29,340	INFO	lbehrens	Festplattennutzung B: - Mail wurde an ['info@leifbehrens.de'] versandt
2019-12-20 18:00:30,743	ERROR	lbehrens	Starten Laufwerk E:-Monitorings schlug fehl. Limits sind nicht konfiguriert
2019-12-20 18:00:33,496	ERROR	lbehrens	Starten Laufwerk C:-Monitorings schlug fehl. Limits sind nicht konfiguriert
2019-12-20 18:00:36,099	ERROR	lbehrens	Starten Laufwerk X:-Monitorings schlug fehl. Limits sind nicht konfiguriert
2019-12-20 18:30:26,511	INFO	lbehrens	Temp/running_config.ini-Datei wurde gelöscht
2019-12-20 18:30:26,578	INFO	lbehrens	Temp\cpu.pickle-Datei wurde gelöscht
2019-12-20 18:30:26,582	INFO	lbehrens	Temp\ram.pickle-Datei wurde gelöscht
2019-12-20 18:30:26,594	INFO	lbehrens	Programm nach 1968.91 Sekunden beendet
2019-12-20 18:30:35,529	INFO	lbehrens	Programm gestartet
2019-12-20 18:30:57,871	INFO	lbehrens	Starte Überprüfung Konfigurationsdateien
2019-12-20 18:30:58,417	INFO	lbehrens	Validierung der Empfänger-Mailadressen 'info@leifbehrens.de' erfolgreich
2019-12-20 18:30:58,424	INFO	lbehrens	Beende Überprüfung Konfigurationsdateien. Alle essentiellen Eingaben sind gültig.
2019-12-20 18:30:58,445	INFO	lbehrens	Temp/running_config.ini wurde geschrieben
2019-12-20 18:30:58,457	INFO	lbehrens	Temp/running_config.ini-Datei erfolgreich geparsed
2019-12-20 18:30:58,481	INFO	lbehrens	startup_config.ini erfolgreich erstellt
2019-12-20 18:58:30,403	INFO	lbehrens	Temp/running_config.ini-Datei wurde gelöscht
2019-12-20 18:58:30,446	INFO	lbehrens	Temp\cpu.pickle-Datei wurde gelöscht
2019-12-20 18:58:30,461	INFO	lbehrens	Temp\ram.pickle-Datei wurde gelöscht
2019-12-20 18:58:30,469	INFO	lbehrens	Programm nach 1674.95 Sekunden beendet
2019-12-20 18:58:38,603	INFO	lbehrens	Programm gestartet
2019-12-20 19:05:39,057	INFO	lbehrens	Temp/running_config.ini-Datei wurde gelöscht
2019-12-20 19:05:39,066	INFO	lbehrens	Temp\cpu.pickle-Datei wurde gelöscht
2019-12-20 19:05:39,080	INFO	lbehrens	Temp\ram.pickle-Datei wurde gelöscht
2019-12-20 19:05:39,094	INFO	lbehrens	Programm nach 420.5 Sekunden beendet
2019-12-21 11:45:44,791	INFO	lbehrens	Programm gestartet
2019-12-21 11:46:04,926	INFO	lbehrens	Programm gestartet
2019-12-21 11:47:36,195	INFO	lbehrens	Temp/running_config.ini-Datei wurde gelöscht
2019-12-21 11:47:36,206	INFO	lbehrens	Temp\cpu.pickle-Datei wurde gelöscht
2019-12-21 11:47:36,220	INFO	lbehrens	Temp\ram.pickle-Datei wurde gelöscht
2019-12-21 11:47:36,233	INFO	lbehrens	Programm nach 91.32 Sekunden beendet
2019-12-21 11:59:12,364	INFO	lbehrens	Programm gestartet
2019-12-21 11:59:23,285	INFO	lbehrens	Festplattennutzung B: - Mail wurde an ['info@leifbehrens.de'] versandt
2019-12-21 11:59:31,955	INFO	lbehrens	Starte Überprüfung Konfigurationsdateien
2019-12-21 11:59:31,962	INFO	lbehrens	Beende Überprüfung Konfigurationsdateien. Alle essentiellen Eingaben sind gültig.
2019-12-21 11:59:31,984	INFO	lbehrens	Temp/running_config.ini wurde geschrieben
2019-12-21 11:59:32,001	INFO	lbehrens	Temp/running_config.ini-Datei erfolgreich geparsed
2019-12-21 11:59:32,016	INFO	lbehrens	startup_config.ini erfolgreich erstellt
2019-12-21 11:59:36,250	ERROR	lbehrens	Festplattennutzung B: - Mail wurde nicht versandt. Genaue Fehlerbeschreibung: name 'glob' is not defined
2019-12-21 11:59:40,933	INFO	lbehrens	Temp/running_config.ini-Datei wurde gelöscht
2019-12-21 11:59:40,957	INFO	lbehrens	Temp\cpu.pickle-Datei wurde gelöscht
2019-12-21 11:59:40,970	INFO	lbehrens	Temp\ram.pickle-Datei wurde gelöscht
2019-12-21 11:59:40,982	INFO	lbehrens	Programm nach 28.64 Sekunden beendet
2019-12-21 11:59:54,128	INFO	lbehrens	Programm gestartet
2019-12-21 12:00:07,204	INFO	lbehrens	Festplattennutzung B: - Mail wurde an ['info@leifbehrens.de'] versandt
2019-12-21 12:00:30,543	INFO	lbehrens	Temp/running_config.ini-Datei wurde gelöscht
2019-12-21 12:00:30,552	INFO	lbehrens	Temp\cpu.pickle-Datei wurde gelöscht
2019-12-21 12:00:30,564	INFO	lbehrens	Temp\ram.pickle-Datei wurde gelöscht
2019-12-21 12:00:30,572	INFO	lbehrens	Programm nach 36.46 Sekunden beendet
2019-12-21 12:12:41,831	INFO	lbehrens	Programm gestartet
2019-12-21 12:12:45,684	INFO	lbehrens	Starte Überprüfung Konfigurationsdateien
2019-12-21 12:12:45,691	INFO	lbehrens	Beende Überprüfung Konfigurationsdateien. Alle essentiellen Eingaben sind gültig.
2019-12-21 12:12:45,711	INFO	lbehrens	Temp/running_config.ini wurde geschrieben
2019-12-21 12:12:45,719	INFO	lbehrens	Temp/running_config.ini-Datei erfolgreich geparsed
2019-12-21 12:12:46,315	INFO	lbehrens	Starte Überprüfung Konfigurationsdateien
2019-12-21 12:12:46,318	INFO	lbehrens	Beende Überprüfung Konfigurationsdateien. Alle essentiellen Eingaben sind gültig.
2019-12-21 12:12:46,335	INFO	lbehrens	Temp/running_config.ini wurde geschrieben
2019-12-21 12:12:46,350	INFO	lbehrens	Temp/running_config.ini-Datei erfolgreich geparsed
2019-12-21 12:12:46,365	INFO	lbehrens	startup_config.ini erfolgreich erstellt
2019-12-21 12:12:47,782	INFO	lbehrens	Temp/running_config.ini-Datei wurde gelöscht
2019-12-21 12:12:47,791	INFO	lbehrens	Temp\cpu.pickle-Datei wurde gelöscht
2019-12-21 12:12:47,804	INFO	lbehrens	Temp\ram.pickle-Datei wurde gelöscht
2019-12-21 12:12:47,817	INFO	lbehrens	Programm nach 6.0 Sekunden beendet
2019-12-21 12:25:56,513	INFO	lbehrens	Programm gestartet
2019-12-21 12:26:02,164	INFO	lbehrens	Temp/running_config.ini-Datei wurde gelöscht
2019-12-21 12:26:02,189	INFO	lbehrens	Temp\cpu.pickle-Datei wurde gelöscht
2019-12-21 12:26:02,206	INFO	lbehrens	Temp\ram.pickle-Datei wurde gelöscht
2019-12-21 12:26:02,219	INFO	lbehrens	Programm nach 5.72 Sekunden beendet
2019-12-21 12:26:15,843	INFO	lbehrens	Programm gestartet
2019-12-21 12:26:34,011	INFO	lbehrens	Festplattennutzung B: - Mail wurde an ['info@leifbehrens.de'] versandt
2019-12-21 12:26:53,703	INFO	lbehrens	Starte Überprüfung Konfigurationsdateien
2019-12-21 12:26:53,710	INFO	lbehrens	Beende Überprüfung Konfigurationsdateien. Alle essentiellen Eingaben sind gültig.
2019-12-21 12:26:53,732	INFO	lbehrens	Temp/running_config.ini wurde geschrieben
2019-12-21 12:26:53,749	INFO	lbehrens	Temp/running_config.ini-Datei erfolgreich geparsed
2019-12-21 12:27:12,209	INFO	lbehrens	Starte Überprüfung Konfigurationsdateien
2019-12-21 12:27:12,215	INFO	lbehrens	Beende Überprüfung Konfigurationsdateien. Alle essentiellen Eingaben sind gültig.
2019-12-21 12:27:12,234	INFO	lbehrens	Temp/running_config.ini wurde geschrieben
2019-12-21 12:27:12,246	INFO	lbehrens	Temp/running_config.ini-Datei erfolgreich geparsed
2019-12-21 12:27:17,081	INFO	lbehrens	Starte Überprüfung Konfigurationsdateien
2019-12-21 12:27:17,088	INFO	lbehrens	Beende Überprüfung Konfigurationsdateien. Alle essentiellen Eingaben sind gültig.
2019-12-21 12:27:17,105	INFO	lbehrens	Temp/running_config.ini wurde geschrieben
2019-12-21 12:27:17,119	INFO	lbehrens	Temp/running_config.ini-Datei erfolgreich geparsed
2019-12-21 12:27:17,134	INFO	lbehrens	startup_config.ini erfolgreich erstellt
2019-12-21 12:27:21,650	INFO	lbehrens	Starte Überprüfung Konfigurationsdateien
2019-12-21 12:27:21,656	INFO	lbehrens	Beende Überprüfung Konfigurationsdateien. Alle essentiellen Eingaben sind gültig.
2019-12-21 12:27:21,674	INFO	lbehrens	Temp/running_config.ini wurde geschrieben
2019-12-21 12:27:21,690	INFO	lbehrens	Temp/running_config.ini-Datei erfolgreich geparsed
2019-12-21 12:29:14,038	INFO	lbehrens	Starte Überprüfung Konfigurationsdateien
2019-12-21 12:29:14,045	INFO	lbehrens	Beende Überprüfung Konfigurationsdateien. Alle essentiellen Eingaben sind gültig.
2019-12-21 12:29:14,065	INFO	lbehrens	Temp/running_config.ini wurde geschrieben
2019-12-21 12:29:14,077	INFO	lbehrens	Temp/running_config.ini-Datei erfolgreich geparsed
2019-12-21 12:29:14,105	INFO	lbehrens	startup_config.ini erfolgreich erstellt
2019-12-21 12:29:20,286	INFO	lbehrens	Starte Überprüfung Konfigurationsdateien
2019-12-21 12:29:20,293	INFO	lbehrens	Beende Überprüfung Konfigurationsdateien. Alle essentiellen Eingaben sind gültig.
2019-12-21 12:29:20,313	INFO	lbehrens	Temp/running_config.ini wurde geschrieben
2019-12-21 12:29:20,324	INFO	lbehrens	Temp/running_config.ini-Datei erfolgreich geparsed
2019-12-21 12:29:30,464	INFO	lbehrens	Starte Überprüfung Konfigurationsdateien
2019-12-21 12:29:30,471	INFO	lbehrens	Beende Überprüfung Konfigurationsdateien. Alle essentiellen Eingaben sind gültig.
2019-12-21 12:29:30,490	INFO	lbehrens	Temp/running_config.ini wurde geschrieben
2019-12-21 12:29:30,504	INFO	lbehrens	Temp/running_config.ini-Datei erfolgreich geparsed
2019-12-21 12:30:26,239	INFO	lbehrens	Starte Überprüfung Konfigurationsdateien
2019-12-21 12:30:26,246	INFO	lbehrens	Beende Überprüfung Konfigurationsdateien. Alle essentiellen Eingaben sind gültig.
2019-12-21 12:30:26,270	INFO	lbehrens	Temp/running_config.ini wurde geschrieben
2019-12-21 12:30:26,289	INFO	lbehrens	Temp/running_config.ini-Datei erfolgreich geparsed
2019-12-21 12:30:28,634	INFO	lbehrens	Temp/running_config.ini-Datei wurde gelöscht
2019-12-21 12:30:28,642	INFO	lbehrens	Temp\cpu.pickle-Datei wurde gelöscht
2019-12-21 12:30:28,658	INFO	lbehrens	Temp\ram.pickle-Datei wurde gelöscht
2019-12-21 12:30:28,674	INFO	lbehrens	Programm nach 252.85 Sekunden beendet
2019-12-21 12:30:32,525	INFO	lbehrens	Programm gestartet
2019-12-21 12:30:41,383	INFO	lbehrens	Starte Überprüfung Konfigurationsdateien
2019-12-21 12:30:41,390	INFO	lbehrens	Beende Überprüfung Konfigurationsdateien. Alle essentiellen Eingaben sind gültig.
2019-12-21 12:30:41,408	INFO	lbehrens	Temp/running_config.ini wurde geschrieben
2019-12-21 12:30:41,420	INFO	lbehrens	Temp/running_config.ini-Datei erfolgreich geparsed
2019-12-21 12:30:43,864	INFO	lbehrens	Starte Überprüfung Konfigurationsdateien
2019-12-21 12:30:43,870	INFO	lbehrens	Beende Überprüfung Konfigurationsdateien. Alle essentiellen Eingaben sind gültig.
2019-12-21 12:30:43,888	INFO	lbehrens	Temp/running_config.ini wurde geschrieben
2019-12-21 12:30:43,900	INFO	lbehrens	Temp/running_config.ini-Datei erfolgreich geparsed
2019-12-21 12:30:48,416	INFO	lbehrens	Starte Überprüfung Konfigurationsdateien
2019-12-21 12:30:48,422	INFO	lbehrens	Beende Überprüfung Konfigurationsdateien. Alle essentiellen Eingaben sind gültig.
2019-12-21 12:30:48,442	INFO	lbehrens	Temp/running_config.ini wurde geschrieben
2019-12-21 12:30:48,457	INFO	lbehrens	Temp/running_config.ini-Datei erfolgreich geparsed
2019-12-21 12:30:59,129	INFO	lbehrens	Starte Überprüfung Konfigurationsdateien
2019-12-21 12:30:59,136	INFO	lbehrens	Beende Überprüfung Konfigurationsdateien. Alle essentiellen Eingaben sind gültig.
2019-12-21 12:30:59,155	INFO	lbehrens	Temp/running_config.ini wurde geschrieben
2019-12-21 12:30:59,171	INFO	lbehrens	Temp/running_config.ini-Datei erfolgreich geparsed
2019-12-21 12:31:05,802	INFO	lbehrens	Starte Überprüfung Konfigurationsdateien
2019-12-21 12:31:05,808	INFO	lbehrens	Beende Überprüfung Konfigurationsdateien. Alle essentiellen Eingaben sind gültig.
2019-12-21 12:31:05,827	INFO	lbehrens	Temp/running_config.ini wurde geschrieben
2019-12-21 12:31:05,841	INFO	lbehrens	Temp/running_config.ini-Datei erfolgreich geparsed
2019-12-21 12:31:10,795	INFO	lbehrens	Starte Überprüfung Konfigurationsdateien
2019-12-21 12:31:10,801	INFO	lbehrens	Beende Überprüfung Konfigurationsdateien. Alle essentiellen Eingaben sind gültig.
2019-12-21 12:31:10,819	INFO	lbehrens	Temp/running_config.ini wurde geschrieben
2019-12-21 12:31:10,833	INFO	lbehrens	Temp/running_config.ini-Datei erfolgreich geparsed
2019-12-21 12:31:17,932	INFO	lbehrens	Starte Überprüfung Konfigurationsdateien
2019-12-21 12:31:17,937	INFO	lbehrens	Beende Überprüfung Konfigurationsdateien. Alle essentiellen Eingaben sind gültig.
2019-12-21 12:31:17,956	INFO	lbehrens	Temp/running_config.ini wurde geschrieben
2019-12-21 12:31:17,968	INFO	lbehrens	Temp/running_config.ini-Datei erfolgreich geparsed
2019-12-21 12:31:30,764	INFO	lbehrens	Starte Überprüfung Konfigurationsdateien
2019-12-21 12:31:30,771	INFO	lbehrens	Beende Überprüfung Konfigurationsdateien. Alle essentiellen Eingaben sind gültig.
2019-12-21 12:31:30,791	INFO	lbehrens	Temp/running_config.ini wurde geschrieben
2019-12-21 12:31:30,804	INFO	lbehrens	Temp/running_config.ini-Datei erfolgreich geparsed
2019-12-21 12:31:35,613	INFO	lbehrens	Starte Überprüfung Konfigurationsdateien
2019-12-21 12:31:35,620	INFO	lbehrens	Beende Überprüfung Konfigurationsdateien. Alle essentiellen Eingaben sind gültig.
2019-12-21 12:31:35,633	INFO	lbehrens	Temp/running_config.ini wurde geschrieben
2019-12-21 12:31:35,639	INFO	lbehrens	Temp/running_config.ini-Datei erfolgreich geparsed
2019-12-21 12:31:40,630	INFO	lbehrens	Starte Überprüfung Konfigurationsdateien
2019-12-21 12:31:40,636	INFO	lbehrens	Beende Überprüfung Konfigurationsdateien. Alle essentiellen Eingaben sind gültig.
2019-12-21 12:31:40,650	INFO	lbehrens	Temp/running_config.ini wurde geschrieben
2019-12-21 12:31:40,666	INFO	lbehrens	Temp/running_config.ini-Datei erfolgreich geparsed
2019-12-21 12:32:10,105	INFO	lbehrens	Starte Überprüfung Konfigurationsdateien
2019-12-21 12:32:10,111	INFO	lbehrens	Beende Überprüfung Konfigurationsdateien. Alle essentiellen Eingaben sind gültig.
2019-12-21 12:32:10,131	INFO	lbehrens	Temp/running_config.ini wurde geschrieben
2019-12-21 12:32:10,145	INFO	lbehrens	Temp/running_config.ini-Datei erfolgreich geparsed
2019-12-21 12:35:58,969	INFO	lbehrens	Starte Überprüfung Konfigurationsdateien
2019-12-21 12:35:58,975	INFO	lbehrens	Beende Überprüfung Konfigurationsdateien. Alle essentiellen Eingaben sind gültig.
2019-12-21 12:35:58,994	INFO	lbehrens	Temp/running_config.ini wurde geschrieben
2019-12-21 12:35:59,003	INFO	lbehrens	Temp/running_config.ini-Datei erfolgreich geparsed
2019-12-21 12:36:05,723	INFO	lbehrens	Starte Überprüfung Konfigurationsdateien
2019-12-21 12:36:05,729	INFO	lbehrens	Beende Überprüfung Konfigurationsdateien. Alle essentiellen Eingaben sind gültig.
2019-12-21 12:36:05,743	INFO	lbehrens	Temp/running_config.ini wurde geschrieben
2019-12-21 12:36:05,748	INFO	lbehrens	Temp/running_config.ini-Datei erfolgreich geparsed
2019-12-21 12:39:30,841	INFO	lbehrens	Starte Überprüfung Konfigurationsdateien
2019-12-21 12:39:30,847	INFO	lbehrens	Beende Überprüfung Konfigurationsdateien. Alle essentiellen Eingaben sind gültig.
2019-12-21 12:39:30,867	INFO	lbehrens	Temp/running_config.ini wurde geschrieben
2019-12-21 12:39:30,880	INFO	lbehrens	Temp/running_config.ini-Datei erfolgreich geparsed
2019-12-21 12:39:35,057	INFO	lbehrens	Starte Überprüfung Konfigurationsdateien
2019-12-21 12:39:35,063	INFO	lbehrens	Beende Überprüfung Konfigurationsdateien. Alle essentiellen Eingaben sind gültig.
2019-12-21 12:39:35,082	INFO	lbehrens	Temp/running_config.ini wurde geschrieben
2019-12-21 12:39:35,089	INFO	lbehrens	Temp/running_config.ini-Datei erfolgreich geparsed
2019-12-21 12:42:36,991	INFO	lbehrens	Temp/running_config.ini-Datei wurde gelöscht
2019-12-21 12:42:36,999	INFO	lbehrens	Temp\cpu.pickle-Datei wurde gelöscht
2019-12-21 12:42:37,018	INFO	lbehrens	Temp\ram.pickle-Datei wurde gelöscht
2019-12-21 12:42:37,034	INFO	lbehrens	Programm nach 724.53 Sekunden beendet
2019-12-21 12:42:40,846	INFO	lbehrens	Programm gestartet
2019-12-21 12:42:46,864	INFO	lbehrens	Starte Überprüfung Konfigurationsdateien
2019-12-21 12:42:46,870	INFO	lbehrens	Beende Überprüfung Konfigurationsdateien. Alle essentiellen Eingaben sind gültig.
2019-12-21 12:42:46,885	INFO	lbehrens	Temp/running_config.ini wurde geschrieben
2019-12-21 12:42:46,898	INFO	lbehrens	Temp/running_config.ini-Datei erfolgreich geparsed
2019-12-21 12:42:50,838	INFO	lbehrens	Starte Überprüfung Konfigurationsdateien
2019-12-21 12:42:50,845	INFO	lbehrens	Beende Überprüfung Konfigurationsdateien. Alle essentiellen Eingaben sind gültig.
2019-12-21 12:42:50,855	INFO	lbehrens	Temp/running_config.ini wurde geschrieben
2019-12-21 12:42:50,859	INFO	lbehrens	Temp/running_config.ini-Datei erfolgreich geparsed
2019-12-21 12:42:55,535	INFO	lbehrens	Starte Überprüfung Konfigurationsdateien
2019-12-21 12:42:55,541	INFO	lbehrens	Beende Überprüfung Konfigurationsdateien. Alle essentiellen Eingaben sind gültig.
2019-12-21 12:42:55,555	INFO	lbehrens	Temp/running_config.ini wurde geschrieben
2019-12-21 12:42:55,561	INFO	lbehrens	Temp/running_config.ini-Datei erfolgreich geparsed
2019-12-21 12:48:36,080	INFO	lbehrens	Temp/running_config.ini-Datei wurde gelöscht
2019-12-21 12:48:36,088	INFO	lbehrens	Temp\cpu.pickle-Datei wurde gelöscht
2019-12-21 12:48:36,103	INFO	lbehrens	Temp\ram.pickle-Datei wurde gelöscht
2019-12-21 12:48:36,129	INFO	lbehrens	Programm nach 355.3 Sekunden beendet
2019-12-21 12:48:39,550	INFO	lbehrens	Programm gestartet
2019-12-21 12:48:46,092	INFO	lbehrens	Starte Überprüfung Konfigurationsdateien
2019-12-21 12:48:46,099	INFO	lbehrens	Beende Überprüfung Konfigurationsdateien. Alle essentiellen Eingaben sind gültig.
2019-12-21 12:48:46,116	INFO	lbehrens	Temp/running_config.ini wurde geschrieben
2019-12-21 12:48:46,129	INFO	lbehrens	Temp/running_config.ini-Datei erfolgreich geparsed
2019-12-21 12:49:10,113	INFO	lbehrens	Temp/running_config.ini-Datei wurde gelöscht
2019-12-21 12:49:10,123	INFO	lbehrens	Temp\cpu.pickle-Datei wurde gelöscht
2019-12-21 12:49:10,138	INFO	lbehrens	Temp\ram.pickle-Datei wurde gelöscht
2019-12-21 12:49:10,157	INFO	lbehrens	Programm nach 30.62 Sekunden beendet
2019-12-21 12:49:14,575	INFO	lbehrens	Programm gestartet
2019-12-21 12:49:21,824	INFO	lbehrens	Starte Überprüfung Konfigurationsdateien
2019-12-21 12:49:21,831	INFO	lbehrens	Beende Überprüfung Konfigurationsdateien. Alle essentiellen Eingaben sind gültig.
2019-12-21 12:49:21,851	INFO	lbehrens	Temp/running_config.ini wurde geschrieben
2019-12-21 12:49:21,862	INFO	lbehrens	Temp/running_config.ini-Datei erfolgreich geparsed
2019-12-21 12:49:26,072	INFO	lbehrens	Starte Überprüfung Konfigurationsdateien
2019-12-21 12:49:26,079	INFO	lbehrens	Beende Überprüfung Konfigurationsdateien. Alle essentiellen Eingaben sind gültig.
2019-12-21 12:49:26,095	INFO	lbehrens	Temp/running_config.ini wurde geschrieben
2019-12-21 12:49:26,104	INFO	lbehrens	Temp/running_config.ini-Datei erfolgreich geparsed
2019-12-21 12:49:26,841	INFO	lbehrens	Starte Überprüfung Konfigurationsdateien
2019-12-21 12:49:26,847	INFO	lbehrens	Beende Überprüfung Konfigurationsdateien. Alle essentiellen Eingaben sind gültig.
2019-12-21 12:49:26,863	INFO	lbehrens	Temp/running_config.ini wurde geschrieben
2019-12-21 12:49:26,872	INFO	lbehrens	Temp/running_config.ini-Datei erfolgreich geparsed
2019-12-21 12:50:20,921	INFO	lbehrens	Temp/running_config.ini-Datei wurde gelöscht
2019-12-21 12:50:20,932	INFO	lbehrens	Temp\cpu.pickle-Datei wurde gelöscht
2019-12-21 12:50:20,951	INFO	lbehrens	Temp\ram.pickle-Datei wurde gelöscht
2019-12-21 12:50:20,964	INFO	lbehrens	Programm nach 66.4 Sekunden beendet
2019-12-21 12:50:24,277	INFO	lbehrens	Programm gestartet
2019-12-21 12:50:28,008	INFO	lbehrens	Starte Überprüfung Konfigurationsdateien
2019-12-21 12:50:28,015	INFO	lbehrens	Beende Überprüfung Konfigurationsdateien. Alle essentiellen Eingaben sind gültig.
2019-12-21 12:50:28,033	INFO	lbehrens	Temp/running_config.ini wurde geschrieben
2019-12-21 12:50:28,040	INFO	lbehrens	Temp/running_config.ini-Datei erfolgreich geparsed
2019-12-21 12:50:30,807	INFO	lbehrens	Starte Überprüfung Konfigurationsdateien
2019-12-21 12:50:30,814	INFO	lbehrens	Beende Überprüfung Konfigurationsdateien. Alle essentiellen Eingaben sind gültig.
2019-12-21 12:50:30,829	INFO	lbehrens	Temp/running_config.ini wurde geschrieben
2019-12-21 12:50:30,839	INFO	lbehrens	Temp/running_config.ini-Datei erfolgreich geparsed
2019-12-21 12:50:31,596	INFO	lbehrens	Starte Überprüfung Konfigurationsdateien
2019-12-21 12:50:31,602	INFO	lbehrens	Beende Überprüfung Konfigurationsdateien. Alle essentiellen Eingaben sind gültig.
2019-12-21 12:50:31,614	INFO	lbehrens	Temp/running_config.ini wurde geschrieben
2019-12-21 12:50:31,618	INFO	lbehrens	Temp/running_config.ini-Datei erfolgreich geparsed
2019-12-21 12:50:31,832	INFO	lbehrens	Starte Überprüfung Konfigurationsdateien
2019-12-21 12:50:31,834	INFO	lbehrens	Beende Überprüfung Konfigurationsdateien. Alle essentiellen Eingaben sind gültig.
2019-12-21 12:50:31,851	INFO	lbehrens	Temp/running_config.ini wurde geschrieben
2019-12-21 12:50:31,856	INFO	lbehrens	Temp/running_config.ini-Datei erfolgreich geparsed
2019-12-21 12:50:32,040	INFO	lbehrens	Starte Überprüfung Konfigurationsdateien
2019-12-21 12:50:32,042	INFO	lbehrens	Beende Überprüfung Konfigurationsdateien. Alle essentiellen Eingaben sind gültig.
2019-12-21 12:50:32,058	INFO	lbehrens	Temp/running_config.ini wurde geschrieben
2019-12-21 12:50:32,078	INFO	lbehrens	Temp/running_config.ini-Datei erfolgreich geparsed
2019-12-21 12:50:32,224	INFO	lbehrens	Starte Überprüfung Konfigurationsdateien
2019-12-21 12:50:32,226	INFO	lbehrens	Beende Überprüfung Konfigurationsdateien. Alle essentiellen Eingaben sind gültig.
2019-12-21 12:50:32,243	INFO	lbehrens	Temp/running_config.ini wurde geschrieben
2019-12-21 12:50:32,256	INFO	lbehrens	Temp/running_config.ini-Datei erfolgreich geparsed
2019-12-21 12:50:32,424	INFO	lbehrens	Starte Überprüfung Konfigurationsdateien
2019-12-21 12:50:32,426	INFO	lbehrens	Beende Überprüfung Konfigurationsdateien. Alle essentiellen Eingaben sind gültig.
2019-12-21 12:50:32,441	INFO	lbehrens	Temp/running_config.ini wurde geschrieben
2019-12-21 12:50:32,445	INFO	lbehrens	Temp/running_config.ini-Datei erfolgreich geparsed
2019-12-21 12:50:32,624	INFO	lbehrens	Starte Überprüfung Konfigurationsdateien
2019-12-21 12:50:32,626	INFO	lbehrens	Beende Überprüfung Konfigurationsdateien. Alle essentiellen Eingaben sind gültig.
2019-12-21 12:50:32,642	INFO	lbehrens	Temp/running_config.ini wurde geschrieben
2019-12-21 12:50:32,646	INFO	lbehrens	Temp/running_config.ini-Datei erfolgreich geparsed
2019-12-21 12:50:32,809	INFO	lbehrens	Starte Überprüfung Konfigurationsdateien
2019-12-21 12:50:32,811	INFO	lbehrens	Beende Überprüfung Konfigurationsdateien. Alle essentiellen Eingaben sind gültig.
2019-12-21 12:50:32,817	INFO	lbehrens	Temp/running_config.ini wurde geschrieben
2019-12-21 12:50:32,826	INFO	lbehrens	Temp/running_config.ini-Datei erfolgreich geparsed
2019-12-21 12:51:13,384	INFO	lbehrens	Temp/running_config.ini-Datei wurde gelöscht
2019-12-21 12:51:13,392	INFO	lbehrens	Temp\cpu.pickle-Datei wurde gelöscht
2019-12-21 12:51:13,408	INFO	lbehrens	Temp\ram.pickle-Datei wurde gelöscht
2019-12-21 12:51:13,420	INFO	lbehrens	Programm nach 49.17 Sekunden beendet
2019-12-21 12:51:15,547	INFO	lbehrens	Programm gestartet
2019-12-21 12:51:19,941	INFO	lbehrens	Starte Überprüfung Konfigurationsdateien
2019-12-21 12:51:19,948	INFO	lbehrens	Beende Überprüfung Konfigurationsdateien. Alle essentiellen Eingaben sind gültig.
2019-12-21 12:51:19,966	INFO	lbehrens	Temp/running_config.ini wurde geschrieben
2019-12-21 12:51:19,982	INFO	lbehrens	Temp/running_config.ini-Datei erfolgreich geparsed
2019-12-21 12:51:20,493	INFO	lbehrens	Starte Überprüfung Konfigurationsdateien
2019-12-21 12:51:20,496	INFO	lbehrens	Beende Überprüfung Konfigurationsdateien. Alle essentiellen Eingaben sind gültig.
2019-12-21 12:51:20,514	INFO	lbehrens	Temp/running_config.ini wurde geschrieben
2019-12-21 12:51:20,529	INFO	lbehrens	Temp/running_config.ini-Datei erfolgreich geparsed
2019-12-21 12:51:20,685	INFO	lbehrens	Starte Überprüfung Konfigurationsdateien
2019-12-21 12:51:20,687	INFO	lbehrens	Beende Überprüfung Konfigurationsdateien. Alle essentiellen Eingaben sind gültig.
2019-12-21 12:51:20,705	INFO	lbehrens	Temp/running_config.ini wurde geschrieben
2019-12-21 12:51:20,719	INFO	lbehrens	Temp/running_config.ini-Datei erfolgreich geparsed
2019-12-21 12:51:20,870	INFO	lbehrens	Starte Überprüfung Konfigurationsdateien
2019-12-21 12:51:20,872	INFO	lbehrens	Beende Überprüfung Konfigurationsdateien. Alle essentiellen Eingaben sind gültig.
2019-12-21 12:51:20,890	INFO	lbehrens	Temp/running_config.ini wurde geschrieben
2019-12-21 12:51:20,906	INFO	lbehrens	Temp/running_config.ini-Datei erfolgreich geparsed
2019-12-21 12:51:23,376	INFO	lbehrens	Temp/running_config.ini-Datei wurde gelöscht
2019-12-21 12:51:23,384	INFO	lbehrens	Temp\cpu.pickle-Datei wurde gelöscht
2019-12-21 12:51:23,398	INFO	lbehrens	Temp\ram.pickle-Datei wurde gelöscht
2019-12-21 12:51:23,414	INFO	lbehrens	Programm nach 7.88 Sekunden beendet
2019-12-21 12:51:54,593	INFO	lbehrens	Programm gestartet
2019-12-21 12:52:03,057	INFO	lbehrens	Starte Überprüfung Konfigurationsdateien
2019-12-21 12:52:03,063	INFO	lbehrens	Beende Überprüfung Konfigurationsdateien. Alle essentiellen Eingaben sind gültig.
2019-12-21 12:52:03,081	INFO	lbehrens	Temp/running_config.ini wurde geschrieben
2019-12-21 12:52:03,091	INFO	lbehrens	Temp/running_config.ini-Datei erfolgreich geparsed
2019-12-21 12:52:38,496	INFO	lbehrens	Temp/running_config.ini-Datei wurde gelöscht
2019-12-21 12:52:38,506	INFO	lbehrens	Temp\cpu.pickle-Datei wurde gelöscht
2019-12-21 12:52:38,520	INFO	lbehrens	Temp\ram.pickle-Datei wurde gelöscht
2019-12-21 12:52:38,528	INFO	lbehrens	Programm nach 43.95 Sekunden beendet
2019-12-21 12:52:41,828	INFO	lbehrens	Programm gestartet
2019-12-21 12:52:44,834	INFO	lbehrens	Starte Überprüfung Konfigurationsdateien
2019-12-21 12:52:44,841	INFO	lbehrens	Beende Überprüfung Konfigurationsdateien. Alle essentiellen Eingaben sind gültig.
2019-12-21 12:52:44,855	INFO	lbehrens	Temp/running_config.ini wurde geschrieben
2019-12-21 12:52:44,872	INFO	lbehrens	Temp/running_config.ini-Datei erfolgreich geparsed
2019-12-21 12:53:03,514	INFO	lbehrens	Temp/running_config.ini-Datei wurde gelöscht
2019-12-21 12:53:03,526	INFO	lbehrens	Temp\cpu.pickle-Datei wurde gelöscht
2019-12-21 12:53:03,539	INFO	lbehrens	Temp\ram.pickle-Datei wurde gelöscht
2019-12-21 12:53:03,557	INFO	lbehrens	Programm nach 21.74 Sekunden beendet
2019-12-21 12:53:29,737	INFO	lbehrens	Programm gestartet
2019-12-21 12:53:32,315	INFO	lbehrens	Starte Überprüfung Konfigurationsdateien
2019-12-21 12:53:32,323	INFO	lbehrens	Beende Überprüfung Konfigurationsdateien. Alle essentiellen Eingaben sind gültig.
2019-12-21 12:53:32,339	INFO	lbehrens	Temp/running_config.ini wurde geschrieben
2019-12-21 12:53:32,351	INFO	lbehrens	Temp/running_config.ini-Datei erfolgreich geparsed
2019-12-21 12:53:35,740	INFO	lbehrens	Starte Überprüfung Konfigurationsdateien
2019-12-21 12:53:35,746	INFO	lbehrens	Beende Überprüfung Konfigurationsdateien. Alle essentiellen Eingaben sind gültig.
2019-12-21 12:53:35,763	INFO	lbehrens	Temp/running_config.ini wurde geschrieben
2019-12-21 12:53:35,774	INFO	lbehrens	Temp/running_config.ini-Datei erfolgreich geparsed
2019-12-21 12:54:23,020	INFO	lbehrens	Temp/running_config.ini-Datei wurde gelöscht
2019-12-21 12:54:23,033	INFO	lbehrens	Temp\cpu.pickle-Datei wurde gelöscht
2019-12-21 12:54:23,049	INFO	lbehrens	Temp\ram.pickle-Datei wurde gelöscht
2019-12-21 12:54:23,072	INFO	lbehrens	Programm nach 53.35 Sekunden beendet
2019-12-21 12:54:26,879	INFO	lbehrens	Programm gestartet
2019-12-21 12:54:31,593	INFO	lbehrens	Starte Überprüfung Konfigurationsdateien
2019-12-21 12:54:31,600	INFO	lbehrens	Beende Überprüfung Konfigurationsdateien. Alle essentiellen Eingaben sind gültig.
2019-12-21 12:54:31,618	INFO	lbehrens	Temp/running_config.ini wurde geschrieben
2019-12-21 12:54:31,628	INFO	lbehrens	Temp/running_config.ini-Datei erfolgreich geparsed
2019-12-21 12:54:37,378	INFO	lbehrens	Starte Überprüfung Konfigurationsdateien
2019-12-21 12:54:37,386	INFO	lbehrens	Beende Überprüfung Konfigurationsdateien. Alle essentiellen Eingaben sind gültig.
2019-12-21 12:54:37,406	INFO	lbehrens	Temp/running_config.ini wurde geschrieben
2019-12-21 12:54:37,414	INFO	lbehrens	Temp/running_config.ini-Datei erfolgreich geparsed
2019-12-21 12:55:00,255	INFO	lbehrens	Temp/running_config.ini-Datei wurde gelöscht
2019-12-21 12:55:00,263	INFO	lbehrens	Temp\cpu.pickle-Datei wurde gelöscht
2019-12-21 12:55:00,277	INFO	lbehrens	Temp\ram.pickle-Datei wurde gelöscht
2019-12-21 12:55:00,291	INFO	lbehrens	Programm nach 33.43 Sekunden beendet
2019-12-21 12:55:06,324	INFO	lbehrens	Programm gestartet
2019-12-21 12:55:11,238	INFO	lbehrens	Starte Überprüfung Konfigurationsdateien
2019-12-21 12:55:11,245	INFO	lbehrens	Beende Überprüfung Konfigurationsdateien. Alle essentiellen Eingaben sind gültig.
2019-12-21 12:55:11,262	INFO	lbehrens	Temp/running_config.ini wurde geschrieben
2019-12-21 12:55:11,275	INFO	lbehrens	Temp/running_config.ini-Datei erfolgreich geparsed
2019-12-21 12:56:13,424	INFO	lbehrens	Temp/running_config.ini-Datei wurde gelöscht
2019-12-21 12:56:13,434	INFO	lbehrens	Temp\cpu.pickle-Datei wurde gelöscht
2019-12-21 12:56:13,455	INFO	lbehrens	Temp\ram.pickle-Datei wurde gelöscht
2019-12-21 12:56:13,467	INFO	lbehrens	Programm nach 67.16 Sekunden beendet
2019-12-21 12:56:17,395	INFO	lbehrens	Programm gestartet
2019-12-21 12:56:20,702	INFO	lbehrens	Starte Überprüfung Konfigurationsdateien
2019-12-21 12:56:20,708	INFO	lbehrens	Beende Überprüfung Konfigurationsdateien. Alle essentiellen Eingaben sind gültig.
2019-12-21 12:56:20,727	INFO	lbehrens	Temp/running_config.ini wurde geschrieben
2019-12-21 12:56:20,735	INFO	lbehrens	Temp/running_config.ini-Datei erfolgreich geparsed
2019-12-21 12:56:23,366	INFO	lbehrens	Starte Überprüfung Konfigurationsdateien
2019-12-21 12:56:23,368	INFO	lbehrens	Beende Überprüfung Konfigurationsdateien. Alle essentiellen Eingaben sind gültig.
2019-12-21 12:56:23,374	INFO	lbehrens	Temp/running_config.ini wurde geschrieben
2019-12-21 12:56:23,387	INFO	lbehrens	Temp/running_config.ini-Datei erfolgreich geparsed
2019-12-21 12:56:29,342	INFO	lbehrens	Starte Überprüfung Konfigurationsdateien
2019-12-21 12:56:29,348	INFO	lbehrens	Beende Überprüfung Konfigurationsdateien. Alle essentiellen Eingaben sind gültig.
2019-12-21 12:56:29,365	INFO	lbehrens	Temp/running_config.ini wurde geschrieben
2019-12-21 12:56:29,375	INFO	lbehrens	Temp/running_config.ini-Datei erfolgreich geparsed
2019-12-21 12:57:15,879	INFO	lbehrens	Temp/running_config.ini-Datei wurde gelöscht
2019-12-21 12:57:15,886	INFO	lbehrens	Temp\cpu.pickle-Datei wurde gelöscht
2019-12-21 12:57:15,902	INFO	lbehrens	Temp\ram.pickle-Datei wurde gelöscht
2019-12-21 12:57:15,923	INFO	lbehrens	Programm nach 58.54 Sekunden beendet
2019-12-21 12:57:19,186	INFO	lbehrens	Programm gestartet
2019-12-21 12:57:23,453	INFO	lbehrens	Starte Überprüfung Konfigurationsdateien
2019-12-21 12:57:23,460	INFO	lbehrens	Beende Überprüfung Konfigurationsdateien. Alle essentiellen Eingaben sind gültig.
2019-12-21 12:57:23,477	INFO	lbehrens	Temp/running_config.ini wurde geschrieben
2019-12-21 12:57:23,487	INFO	lbehrens	Temp/running_config.ini-Datei erfolgreich geparsed
2019-12-21 12:57:26,541	INFO	lbehrens	Starte Überprüfung Konfigurationsdateien
2019-12-21 12:57:26,547	INFO	lbehrens	Beende Überprüfung Konfigurationsdateien. Alle essentiellen Eingaben sind gültig.
2019-12-21 12:57:26,564	INFO	lbehrens	Temp/running_config.ini wurde geschrieben
2019-12-21 12:57:26,575	INFO	lbehrens	Temp/running_config.ini-Datei erfolgreich geparsed
2019-12-21 12:57:55,218	INFO	lbehrens	Temp/running_config.ini-Datei wurde gelöscht
2019-12-21 12:57:55,226	INFO	lbehrens	Temp\cpu.pickle-Datei wurde gelöscht
2019-12-21 12:57:55,241	INFO	lbehrens	Temp\ram.pickle-Datei wurde gelöscht
2019-12-21 12:57:55,260	INFO	lbehrens	Programm nach 36.09 Sekunden beendet
2019-12-21 12:57:58,461	INFO	lbehrens	Programm gestartet
2019-12-21 12:58:02,584	INFO	lbehrens	Starte Überprüfung Konfigurationsdateien
2019-12-21 12:58:02,590	INFO	lbehrens	Beende Überprüfung Konfigurationsdateien. Alle essentiellen Eingaben sind gültig.
2019-12-21 12:58:02,604	INFO	lbehrens	Temp/running_config.ini wurde geschrieben
2019-12-21 12:58:02,617	INFO	lbehrens	Temp/running_config.ini-Datei erfolgreich geparsed
2019-12-21 12:58:05,016	INFO	lbehrens	Starte Überprüfung Konfigurationsdateien
2019-12-21 12:58:05,023	INFO	lbehrens	Beende Überprüfung Konfigurationsdateien. Alle essentiellen Eingaben sind gültig.
2019-12-21 12:58:05,041	INFO	lbehrens	Temp/running_config.ini wurde geschrieben
2019-12-21 12:58:05,056	INFO	lbehrens	Temp/running_config.ini-Datei erfolgreich geparsed
2019-12-21 12:58:25,397	INFO	lbehrens	Temp/running_config.ini-Datei wurde gelöscht
2019-12-21 12:58:25,407	INFO	lbehrens	Temp\cpu.pickle-Datei wurde gelöscht
2019-12-21 12:58:25,426	INFO	lbehrens	Temp\ram.pickle-Datei wurde gelöscht
2019-12-21 12:58:25,441	INFO	lbehrens	Programm nach 26.99 Sekunden beendet
2019-12-21 12:58:32,994	INFO	lbehrens	Programm gestartet
2019-12-21 12:58:36,828	INFO	lbehrens	Starte Überprüfung Konfigurationsdateien
2019-12-21 12:58:36,835	INFO	lbehrens	Beende Überprüfung Konfigurationsdateien. Alle essentiellen Eingaben sind gültig.
2019-12-21 12:58:36,853	INFO	lbehrens	Temp/running_config.ini wurde geschrieben
2019-12-21 12:58:36,861	INFO	lbehrens	Temp/running_config.ini-Datei erfolgreich geparsed
2019-12-21 12:59:03,722	INFO	lbehrens	Temp/running_config.ini-Datei wurde gelöscht
2019-12-21 12:59:03,730	INFO	lbehrens	Temp\cpu.pickle-Datei wurde gelöscht
2019-12-21 12:59:03,747	INFO	lbehrens	Temp\ram.pickle-Datei wurde gelöscht
2019-12-21 12:59:03,767	INFO	lbehrens	Programm nach 30.78 Sekunden beendet
2019-12-21 12:59:06,864	INFO	lbehrens	Programm gestartet
2019-12-21 12:59:12,328	INFO	lbehrens	Starte Überprüfung Konfigurationsdateien
2019-12-21 12:59:12,336	INFO	lbehrens	Beende Überprüfung Konfigurationsdateien. Alle essentiellen Eingaben sind gültig.
2019-12-21 12:59:12,353	INFO	lbehrens	Temp/running_config.ini wurde geschrieben
2019-12-21 12:59:12,365	INFO	lbehrens	Temp/running_config.ini-Datei erfolgreich geparsed
2019-12-21 12:59:50,628	INFO	lbehrens	Starte Überprüfung Konfigurationsdateien
2019-12-21 12:59:50,635	INFO	lbehrens	Beende Überprüfung Konfigurationsdateien. Alle essentiellen Eingaben sind gültig.
2019-12-21 12:59:50,650	INFO	lbehrens	Temp/running_config.ini wurde geschrieben
2019-12-21 12:59:50,660	INFO	lbehrens	Temp/running_config.ini-Datei erfolgreich geparsed
2019-12-21 13:01:30,153	INFO	lbehrens	Temp/running_config.ini-Datei wurde gelöscht
2019-12-21 13:01:30,161	INFO	lbehrens	Temp\cpu.pickle-Datei wurde gelöscht
2019-12-21 13:01:30,176	INFO	lbehrens	Temp\ram.pickle-Datei wurde gelöscht
2019-12-21 13:01:30,193	INFO	lbehrens	Programm nach 143.34 Sekunden beendet
2019-12-21 13:01:41,572	INFO	lbehrens	Programm gestartet
2019-12-21 13:01:45,384	INFO	lbehrens	Starte Überprüfung Konfigurationsdateien
2019-12-21 13:01:45,392	INFO	lbehrens	Beende Überprüfung Konfigurationsdateien. Alle essentiellen Eingaben sind gültig.
2019-12-21 13:01:45,408	INFO	lbehrens	Temp/running_config.ini wurde geschrieben
2019-12-21 13:01:45,418	INFO	lbehrens	Temp/running_config.ini-Datei erfolgreich geparsed
2019-12-21 13:02:06,149	INFO	lbehrens	Temp/running_config.ini-Datei wurde gelöscht
2019-12-21 13:02:06,158	INFO	lbehrens	Temp\cpu.pickle-Datei wurde gelöscht
2019-12-21 13:02:06,171	INFO	lbehrens	Temp\ram.pickle-Datei wurde gelöscht
2019-12-21 13:02:06,184	INFO	lbehrens	Programm nach 24.63 Sekunden beendet
2019-12-21 13:02:12,061	INFO	lbehrens	Programm gestartet
2019-12-21 13:02:15,732	INFO	lbehrens	Starte Überprüfung Konfigurationsdateien
2019-12-21 13:02:48,174	INFO	lbehrens	Programm gestartet
2019-12-21 13:02:51,119	INFO	lbehrens	Starte Überprüfung Konfigurationsdateien
2019-12-21 13:03:34,241	INFO	lbehrens	Programm gestartet
2019-12-21 13:03:36,653	INFO	lbehrens	Starte Überprüfung Konfigurationsdateien
2019-12-21 13:03:36,660	INFO	lbehrens	Beende Überprüfung Konfigurationsdateien. Alle essentiellen Eingaben sind gültig.
2019-12-21 13:03:36,678	INFO	lbehrens	Temp/running_config.ini wurde geschrieben
2019-12-21 13:03:36,694	INFO	lbehrens	Temp/running_config.ini-Datei erfolgreich geparsed
2019-12-21 13:03:37,829	INFO	lbehrens	Starte Überprüfung Konfigurationsdateien
2019-12-21 13:03:37,835	INFO	lbehrens	Beende Überprüfung Konfigurationsdateien. Alle essentiellen Eingaben sind gültig.
2019-12-21 13:03:37,853	INFO	lbehrens	Temp/running_config.ini wurde geschrieben
2019-12-21 13:03:37,859	INFO	lbehrens	Temp/running_config.ini-Datei erfolgreich geparsed
2019-12-21 13:03:40,525	INFO	lbehrens	Starte Überprüfung Konfigurationsdateien
2019-12-21 13:03:40,532	INFO	lbehrens	Beende Überprüfung Konfigurationsdateien. Alle essentiellen Eingaben sind gültig.
2019-12-21 13:03:40,551	INFO	lbehrens	Temp/running_config.ini wurde geschrieben
2019-12-21 13:03:40,560	INFO	lbehrens	Temp/running_config.ini-Datei erfolgreich geparsed
2019-12-21 13:03:44,717	INFO	lbehrens	Starte Überprüfung Konfigurationsdateien
2019-12-21 13:03:44,724	INFO	lbehrens	Beende Überprüfung Konfigurationsdateien. Alle essentiellen Eingaben sind gültig.
2019-12-21 13:03:44,742	INFO	lbehrens	Temp/running_config.ini wurde geschrieben
2019-12-21 13:03:44,756	INFO	lbehrens	Temp/running_config.ini-Datei erfolgreich geparsed
2019-12-21 13:03:48,734	INFO	lbehrens	Starte Überprüfung Konfigurationsdateien
2019-12-21 13:03:48,740	INFO	lbehrens	Beende Überprüfung Konfigurationsdateien. Alle essentiellen Eingaben sind gültig.
2019-12-21 13:03:48,758	INFO	lbehrens	Temp/running_config.ini wurde geschrieben
2019-12-21 13:03:48,768	INFO	lbehrens	Temp/running_config.ini-Datei erfolgreich geparsed
2019-12-21 13:03:56,327	INFO	lbehrens	Starte Überprüfung Konfigurationsdateien
2019-12-21 13:03:56,332	INFO	lbehrens	Beende Überprüfung Konfigurationsdateien. Alle essentiellen Eingaben sind gültig.
2019-12-21 13:03:56,347	INFO	lbehrens	Temp/running_config.ini wurde geschrieben
2019-12-21 13:03:56,362	INFO	lbehrens	Temp/running_config.ini-Datei erfolgreich geparsed
2019-12-21 13:03:59,361	INFO	lbehrens	Temp/running_config.ini-Datei wurde gelöscht
2019-12-21 13:03:59,369	INFO	lbehrens	Temp\cpu.pickle-Datei wurde gelöscht
2019-12-21 13:03:59,379	INFO	lbehrens	Temp\ram.pickle-Datei wurde gelöscht
2019-12-21 13:03:59,391	INFO	lbehrens	Programm nach 25.17 Sekunden beendet
2019-12-21 13:04:30,719	INFO	lbehrens	Programm gestartet
2019-12-21 13:04:33,755	INFO	lbehrens	Starte Überprüfung Konfigurationsdateien
2019-12-21 13:04:33,763	INFO	lbehrens	Beende Überprüfung Konfigurationsdateien. Alle essentiellen Eingaben sind gültig.
2019-12-21 13:04:49,147	INFO	lbehrens	Programm gestartet
2019-12-21 13:04:51,588	INFO	lbehrens	Starte Überprüfung Konfigurationsdateien
2019-12-21 13:04:51,596	INFO	lbehrens	Beende Überprüfung Konfigurationsdateien. Alle essentiellen Eingaben sind gültig.
2019-12-21 13:05:17,056	INFO	lbehrens	Programm gestartet
2019-12-21 13:05:19,528	INFO	lbehrens	Starte Überprüfung Konfigurationsdateien
2019-12-21 13:05:19,534	INFO	lbehrens	Beende Überprüfung Konfigurationsdateien. Alle essentiellen Eingaben sind gültig.
2019-12-21 13:05:19,553	INFO	lbehrens	Temp/running_config.ini wurde geschrieben
2019-12-21 13:05:19,566	INFO	lbehrens	Temp/running_config.ini-Datei erfolgreich geparsed
2019-12-21 13:05:20,419	INFO	lbehrens	Starte Überprüfung Konfigurationsdateien
2019-12-21 13:05:20,426	INFO	lbehrens	Beende Überprüfung Konfigurationsdateien. Alle essentiellen Eingaben sind gültig.
2019-12-21 13:05:20,439	INFO	lbehrens	Temp/running_config.ini wurde geschrieben
2019-12-21 13:05:20,443	INFO	lbehrens	Temp/running_config.ini-Datei erfolgreich geparsed
2019-12-21 13:05:21,000	INFO	lbehrens	Starte Überprüfung Konfigurationsdateien
2019-12-21 13:05:21,002	INFO	lbehrens	Beende Überprüfung Konfigurationsdateien. Alle essentiellen Eingaben sind gültig.
2019-12-21 13:05:21,020	INFO	lbehrens	Temp/running_config.ini wurde geschrieben
2019-12-21 13:05:21,035	INFO	lbehrens	Temp/running_config.ini-Datei erfolgreich geparsed
2019-12-21 13:05:21,392	INFO	lbehrens	Starte Überprüfung Konfigurationsdateien
2019-12-21 13:05:21,395	INFO	lbehrens	Beende Überprüfung Konfigurationsdateien. Alle essentiellen Eingaben sind gültig.
2019-12-21 13:05:21,411	INFO	lbehrens	Temp/running_config.ini wurde geschrieben
2019-12-21 13:05:21,417	INFO	lbehrens	Temp/running_config.ini-Datei erfolgreich geparsed
2019-12-21 13:05:25,048	INFO	lbehrens	Starte Überprüfung Konfigurationsdateien
2019-12-21 13:05:25,055	INFO	lbehrens	Beende Überprüfung Konfigurationsdateien. Alle essentiellen Eingaben sind gültig.
2019-12-21 13:05:25,074	INFO	lbehrens	Temp/running_config.ini wurde geschrieben
2019-12-21 13:05:25,083	INFO	lbehrens	Temp/running_config.ini-Datei erfolgreich geparsed
2019-12-21 13:05:31,497	INFO	lbehrens	Starte Überprüfung Konfigurationsdateien
2019-12-21 13:05:31,503	INFO	lbehrens	Beende Überprüfung Konfigurationsdateien. Alle essentiellen Eingaben sind gültig.
2019-12-21 13:05:31,520	INFO	lbehrens	Temp/running_config.ini wurde geschrieben
2019-12-21 13:05:31,535	INFO	lbehrens	Temp/running_config.ini-Datei erfolgreich geparsed
2019-12-21 13:05:46,540	INFO	lbehrens	Temp/running_config.ini-Datei wurde gelöscht
2019-12-21 13:05:46,549	INFO	lbehrens	Temp\cpu.pickle-Datei wurde gelöscht
2019-12-21 13:05:46,564	INFO	lbehrens	Temp\ram.pickle-Datei wurde gelöscht
2019-12-21 13:05:46,581	INFO	lbehrens	Programm nach 29.54 Sekunden beendet
2019-12-21 13:06:54,315	INFO	lbehrens	Programm gestartet
2019-12-21 13:06:56,124	INFO	lbehrens	Temp/running_config.ini-Datei wurde gelöscht
2019-12-21 13:06:56,132	INFO	lbehrens	Temp\cpu.pickle-Datei wurde gelöscht
2019-12-21 13:06:56,148	INFO	lbehrens	Temp\ram.pickle-Datei wurde gelöscht
2019-12-21 13:06:56,162	INFO	lbehrens	Programm nach 1.86 Sekunden beendet
2019-12-21 13:07:02,786	INFO	lbehrens	Programm gestartet
2019-12-21 13:07:06,627	INFO	lbehrens	Starte Überprüfung Konfigurationsdateien
2019-12-21 13:07:06,633	INFO	lbehrens	Beende Überprüfung Konfigurationsdateien. Alle essentiellen Eingaben sind gültig.
2019-12-21 13:07:06,649	INFO	lbehrens	Temp/running_config.ini wurde geschrieben
2019-12-21 13:07:06,660	INFO	lbehrens	Temp/running_config.ini-Datei erfolgreich geparsed
2019-12-21 13:07:11,244	INFO	lbehrens	Starte Überprüfung Konfigurationsdateien
2019-12-21 13:07:11,250	INFO	lbehrens	Beende Überprüfung Konfigurationsdateien. Alle essentiellen Eingaben sind gültig.
2019-12-21 13:07:11,267	INFO	lbehrens	Temp/running_config.ini wurde geschrieben
2019-12-21 13:07:11,279	INFO	lbehrens	Temp/running_config.ini-Datei erfolgreich geparsed
2019-12-21 13:07:16,964	INFO	lbehrens	Starte Überprüfung Konfigurationsdateien
2019-12-21 13:07:16,970	INFO	lbehrens	Beende Überprüfung Konfigurationsdateien. Alle essentiellen Eingaben sind gültig.
2019-12-21 13:07:16,985	INFO	lbehrens	Temp/running_config.ini wurde geschrieben
2019-12-21 13:07:17,002	INFO	lbehrens	Temp/running_config.ini-Datei erfolgreich geparsed
2019-12-21 13:07:21,596	INFO	lbehrens	Starte Überprüfung Konfigurationsdateien
2019-12-21 13:07:21,602	INFO	lbehrens	Beende Überprüfung Konfigurationsdateien. Alle essentiellen Eingaben sind gültig.
2019-12-21 13:07:21,621	INFO	lbehrens	Temp/running_config.ini wurde geschrieben
2019-12-21 13:07:21,633	INFO	lbehrens	Temp/running_config.ini-Datei erfolgreich geparsed
2019-12-21 13:07:24,037	INFO	lbehrens	Starte Überprüfung Konfigurationsdateien
2019-12-21 13:07:24,044	INFO	lbehrens	Beende Überprüfung Konfigurationsdateien. Alle essentiellen Eingaben sind gültig.
2019-12-21 13:07:24,063	INFO	lbehrens	Temp/running_config.ini wurde geschrieben
2019-12-21 13:07:24,071	INFO	lbehrens	Temp/running_config.ini-Datei erfolgreich geparsed
2019-12-21 13:07:26,965	INFO	lbehrens	Starte Überprüfung Konfigurationsdateien
2019-12-21 13:07:26,971	INFO	lbehrens	Beende Überprüfung Konfigurationsdateien. Alle essentiellen Eingaben sind gültig.
2019-12-21 13:07:26,987	INFO	lbehrens	Temp/running_config.ini wurde geschrieben
2019-12-21 13:07:27,003	INFO	lbehrens	Temp/running_config.ini-Datei erfolgreich geparsed
2019-12-21 13:07:29,950	INFO	lbehrens	Starte Überprüfung Konfigurationsdateien
2019-12-21 13:07:29,958	INFO	lbehrens	Beende Überprüfung Konfigurationsdateien. Alle essentiellen Eingaben sind gültig.
2019-12-21 13:07:29,974	INFO	lbehrens	Temp/running_config.ini wurde geschrieben
2019-12-21 13:07:29,990	INFO	lbehrens	Temp/running_config.ini-Datei erfolgreich geparsed
2019-12-21 13:07:30,022	INFO	lbehrens	startup_config.ini erfolgreich erstellt
2019-12-21 13:07:42,855	INFO	lbehrens	Starte Überprüfung Konfigurationsdateien
2019-12-21 13:07:42,861	INFO	lbehrens	Beende Überprüfung Konfigurationsdateien. Alle essentiellen Eingaben sind gültig.
2019-12-21 13:07:42,876	INFO	lbehrens	Temp/running_config.ini wurde geschrieben
2019-12-21 13:07:42,881	INFO	lbehrens	Temp/running_config.ini-Datei erfolgreich geparsed
2019-12-21 13:07:42,904	INFO	lbehrens	startup_config.ini erfolgreich erstellt
2019-12-21 13:07:53,503	INFO	lbehrens	Temp/running_config.ini-Datei wurde gelöscht
2019-12-21 13:07:53,511	INFO	lbehrens	Temp\cpu.pickle-Datei wurde gelöscht
2019-12-21 13:07:53,527	INFO	lbehrens	Temp\ram.pickle-Datei wurde gelöscht
2019-12-21 13:07:53,543	INFO	lbehrens	Programm nach 50.77 Sekunden beendet
2019-12-21 14:43:38,981	INFO	lbehrens	Programm gestartet
2019-12-21 14:44:16,058	INFO	lbehrens	Temp/running_config.ini-Datei wurde gelöscht
2019-12-21 14:44:16,085	INFO	lbehrens	Temp\cpu.pickle-Datei wurde gelöscht
2019-12-21 14:44:16,104	INFO	lbehrens	Temp\ram.pickle-Datei wurde gelöscht
2019-12-21 14:44:16,118	INFO	lbehrens	Programm nach 37.15 Sekunden beendet
2019-12-21 14:50:26,972	INFO	lbehrens	Main.py wurde mit Kommandozeilenparametern gestartet
2019-12-21 14:50:36,483	INFO	lbehrens	Main.py wurde mit Kommandozeilenparametern gestartet
2019-12-21 14:51:28,727	INFO	lbehrens	Main.py wurde mit Kommandozeilenparametern gestartet
2019-12-21 14:51:28,758	ERROR	lbehrens	Konfigurationsdatei konnte nicht geparsed werden. Fehler: 'limits_cpu'
2019-12-21 14:52:11,173	INFO	lbehrens	Programm gestartet
2019-12-21 14:52:19,860	INFO	lbehrens	Starte Überprüfung Konfigurationsdateien
2019-12-21 14:52:19,865	INFO	lbehrens	Beende Überprüfung Konfigurationsdateien. Alle essentiellen Eingaben sind gültig.
2019-12-21 14:52:19,882	INFO	lbehrens	Temp/running_config.ini wurde geschrieben
2019-12-21 14:52:19,894	INFO	lbehrens	Temp/running_config.ini-Datei erfolgreich geparsed
2019-12-21 14:52:19,910	INFO	lbehrens	startup_config.ini erfolgreich erstellt
2019-12-21 14:52:21,798	INFO	lbehrens	Temp/running_config.ini-Datei wurde gelöscht
2019-12-21 14:52:21,806	INFO	lbehrens	Temp\cpu.pickle-Datei wurde gelöscht
2019-12-21 14:52:21,819	INFO	lbehrens	Temp\ram.pickle-Datei wurde gelöscht
2019-12-21 14:52:21,826	INFO	lbehrens	Programm nach 10.67 Sekunden beendet
2019-12-21 14:52:26,146	INFO	lbehrens	Main.py wurde mit Kommandozeilenparametern gestartet
2019-12-21 14:52:53,577	INFO	lbehrens	Main.py wurde mit Kommandozeilenparametern gestartet
2019-12-21 14:54:42,271	INFO	lbehrens	Main.py wurde mit Kommandozeilenparametern gestartet
2019-12-21 14:54:42,304	ERROR	lbehrens	Konfigurationsdatei konnte nicht geparsed werden. Fehler: 'limits_X:'
2019-12-21 14:56:22,708	INFO	lbehrens	Main.py wurde mit Kommandozeilenparametern gestartet
2019-12-21 14:56:22,741	ERROR	lbehrens	Konfigurationsdatei konnte nicht geparsed werden. Fehler: 'limits_X:' nicht konfiguriert
2019-12-21 14:56:50,857	INFO	lbehrens	Main.py wurde mit Kommandozeilenparametern gestartet
2019-12-21 14:57:49,206	INFO	lbehrens	Main.py wurde mit Kommandozeilenparametern gestartet
2019-12-21 14:58:16,684	INFO	lbehrens	Main.py wurde mit Kommandozeilenparametern gestartet
2019-12-21 14:58:42,901	INFO	lbehrens	Main.py wurde mit Kommandozeilenparametern gestartet
2019-12-21 14:59:48,555	INFO	lbehrens	Main.py wurde mit Kommandozeilenparametern gestartet
2019-12-21 15:00:43,677	INFO	lbehrens	Main.py wurde mit Kommandozeilenparametern gestartet
2019-12-21 15:01:28,638	INFO	lbehrens	Main.py wurde mit Kommandozeilenparametern gestartet
2019-12-21 15:01:48,496	INFO	lbehrens	Main.py wurde mit Kommandozeilenparametern gestartet
2019-12-21 15:01:59,537	INFO	lbehrens	Main.py wurde mit Kommandozeilenparametern gestartet
2019-12-21 15:02:13,214	INFO	lbehrens	Main.py wurde mit Kommandozeilenparametern gestartet
2019-12-21 15:02:13,247	ERROR	lbehrens	Prozess konnte nicht beendet werden, da dieser nicht vorhanden ist
2019-12-21 15:02:20,531	INFO	lbehrens	Main.py wurde mit Kommandozeilenparametern gestartet
2019-12-21 15:03:12,155	INFO	lbehrens	Main.py wurde mit Kommandozeilenparametern gestartet
2019-12-21 15:03:12,188	ERROR	lbehrens	Prozess konnte nicht beendet werden, da dieser nicht vorhanden ist
2019-12-21 15:05:32,199	INFO	lbehrens	Programm gestartet
2019-12-21 15:05:40,716	INFO	lbehrens	Temp/running_config.ini-Datei wurde gelöscht
2019-12-21 15:05:40,725	INFO	lbehrens	Temp\cpu.pickle-Datei wurde gelöscht
2019-12-21 15:05:40,735	INFO	lbehrens	Temp\processes.pickle-Datei wurde gelöscht
2019-12-21 15:05:40,745	INFO	lbehrens	Temp\ram.pickle-Datei wurde gelöscht
2019-12-21 15:05:40,747	INFO	lbehrens	Programm nach 8.57 Sekunden beendet
2019-12-21 15:06:04,916	INFO	lbehrens	Programm gestartet
2019-12-21 15:06:06,440	INFO	lbehrens	Temp/running_config.ini-Datei wurde gelöscht
2019-12-21 15:06:06,450	INFO	lbehrens	Temp\cpu.pickle-Datei wurde gelöscht
2019-12-21 15:06:06,464	INFO	lbehrens	Temp\ram.pickle-Datei wurde gelöscht
2019-12-21 15:06:06,476	INFO	lbehrens	Programm nach 1.58 Sekunden beendet
2019-12-21 15:06:35,254	INFO	lbehrens	Main.py wurde mit Kommandozeilenparametern gestartet
2019-12-21 15:06:44,610	INFO	lbehrens	Main.py wurde mit Kommandozeilenparametern gestartet
2019-12-21 15:06:44,641	ERROR	lbehrens	Prozess konnte nicht beendet werden, da dieser nicht vorhanden ist
2019-12-21 15:07:11,768	INFO	lbehrens	Main.py wurde mit Kommandozeilenparametern gestartet
2019-12-21 15:07:16,061	INFO	lbehrens	Programm gestartet
2019-12-21 15:07:37,001	INFO	lbehrens	Temp/running_config.ini-Datei wurde gelöscht
2019-12-21 15:07:37,011	INFO	lbehrens	Temp\cpu.pickle-Datei wurde gelöscht
2019-12-21 15:07:37,021	INFO	lbehrens	Temp\ram.pickle-Datei wurde gelöscht
2019-12-21 15:07:37,029	INFO	lbehrens	Programm nach 20.98 Sekunden beendet
2019-12-21 15:17:54,946	INFO	lbehrens	Main.py wurde mit Kommandozeilenparametern gestartet
2019-12-21 15:19:26,689	INFO	lbehrens	Main.py wurde mit Kommandozeilenparametern gestartet
2019-12-21 15:19:43,573	INFO	lbehrens	Main.py wurde mit Kommandozeilenparametern gestartet
2019-12-21 15:19:54,818	INFO	lbehrens	Main.py wurde mit Kommandozeilenparametern gestartet
2019-12-21 15:20:04,129	INFO	lbehrens	Main.py wurde mit Kommandozeilenparametern gestartet
